2019-01-19 20:09:04,818 [Worker-2] INFO  o.e.m.c.i.e.AbstractTransferListenerAdapter - Downloaded http://maven.wso2.org/nexus/content/groups/wso2-public/org/codehaus/mojo/exec-maven-plugin/1.4.0/exec-maven-plugin-1.4.0.pom
2019-01-19 20:09:05,446 [Worker-2] INFO  o.e.m.c.i.e.AbstractTransferListenerAdapter - Downloading http://maven.wso2.org/nexus/content/groups/wso2-public/org/codehaus/mojo/exec-maven-plugin/1.4.0/exec-maven-plugin-1.4.0.jar
2019-01-19 20:09:06,134 [Worker-2] INFO  o.e.m.c.i.e.AbstractTransferListenerAdapter - Downloaded http://maven.wso2.org/nexus/content/groups/wso2-public/org/codehaus/mojo/exec-maven-plugin/1.4.0/exec-maven-plugin-1.4.0.jar
2019-01-19 20:09:07,378 [Worker-2] INFO  o.e.m.c.i.e.AbstractTransferListenerAdapter - Downloaded http://maven.wso2.org/nexus/content/groups/wso2-public/org/wso2/maven/wso2-esb-endpoint-plugin/2.1.0/wso2-esb-endpoint-plugin-2.1.0.pom
2019-01-19 20:09:08,369 [Worker-2] INFO  o.e.m.c.i.e.AbstractTransferListenerAdapter - Downloaded http://maven.wso2.org/nexus/content/groups/wso2-public/org/wso2/maven/maven-tools/5.0.0/maven-tools-5.0.0.pom
2019-01-19 20:09:09,212 [Worker-2] INFO  o.e.m.c.i.e.AbstractTransferListenerAdapter - Downloaded http://maven.wso2.org/nexus/content/groups/wso2-public/org/wso2/wso2/1/wso2-1.pom
2019-01-19 20:09:09,854 [Worker-2] INFO  o.e.m.c.i.e.AbstractTransferListenerAdapter - Downloaded http://maven.wso2.org/nexus/content/repositories/releases/net/sf/kxml/kxml2/2.2.2/kxml2-2.2.2.pom
2019-01-19 20:09:10,507 [Worker-2] INFO  o.e.m.c.i.e.AbstractTransferListenerAdapter - Downloaded http://maven.wso2.org/nexus/content/repositories/releases/org/apache/felix/org.apache.felix.bundlerepository/1.6.2/org.apache.felix.bundlerepository-1.6.2.pom
2019-01-19 20:09:11,531 [Worker-2] INFO  o.e.m.c.i.e.AbstractTransferListenerAdapter - Downloaded http://maven.wso2.org/nexus/content/repositories/releases/org/apache/felix/org.osgi.core/1.0.0/org.osgi.core-1.0.0.pom
2019-01-19 20:09:12,368 [Worker-2] INFO  o.e.m.c.i.e.AbstractTransferListenerAdapter - Downloaded http://maven.wso2.org/nexus/content/repositories/releases/org/apache/felix/felix/1.0.0/felix-1.0.0.pom
2019-01-19 20:09:12,874 [Worker-2] INFO  o.e.m.c.i.e.AbstractTransferListenerAdapter - Downloaded http://maven.wso2.org/nexus/content/repositories/releases/org/apache/felix/org.osgi.service.obr/1.0.1/org.osgi.service.obr-1.0.1.pom
2019-01-19 20:09:13,619 [Worker-2] INFO  o.e.m.c.i.e.AbstractTransferListenerAdapter - Downloaded http://maven.wso2.org/nexus/content/repositories/releases/org/apache/felix/felix/1.0.2/felix-1.0.2.pom
2019-01-19 20:09:14,346 [Worker-2] INFO  o.e.m.c.i.e.AbstractTransferListenerAdapter - Downloaded http://maven.wso2.org/nexus/content/groups/wso2-public/org/codehaus/plexus/plexus-utils/2.0.1/plexus-utils-2.0.1.pom
2019-01-19 20:09:15,038 [Worker-2] INFO  o.e.m.c.i.e.AbstractTransferListenerAdapter - Downloaded http://maven.wso2.org/nexus/content/groups/wso2-public/org/codehaus/plexus/plexus-container-default/1.5.4/plexus-container-default-1.5.4.pom
2019-01-19 20:09:15,569 [Worker-2] INFO  o.e.m.c.i.e.AbstractTransferListenerAdapter - Downloaded http://maven.wso2.org/nexus/content/repositories/releases/log4j/log4j/1.2.14/log4j-1.2.14.pom
2019-01-19 20:09:16,165 [Worker-2] INFO  o.e.m.c.i.e.AbstractTransferListenerAdapter - Downloaded http://maven.wso2.org/nexus/content/repositories/releases/org/apache/maven/wagon/wagon-provider-api/1.0-beta-2/wagon-provider-api-1.0-beta-2.pom
2019-01-19 20:09:16,674 [Worker-2] INFO  o.e.m.c.i.e.AbstractTransferListenerAdapter - Downloaded http://maven.wso2.org/nexus/content/repositories/releases/org/apache/maven/wagon/wagon/1.0-beta-2/wagon-1.0-beta-2.pom
2019-01-19 20:09:18,205 [Worker-2] INFO  o.e.m.c.i.e.AbstractTransferListenerAdapter - Downloaded http://maven.wso2.org/nexus/content/groups/wso2-public/org/wso2/maven/org.wso2.maven.capp/2.1.0/org.wso2.maven.capp-2.1.0.pom
2019-01-19 20:09:19,452 [Worker-2] INFO  o.e.m.c.i.e.AbstractTransferListenerAdapter - Downloaded http://maven.wso2.org/nexus/content/groups/wso2-public/org/apache/ws/commons/axiom/wso2/axiom/1.2.11.wso2v4/axiom-1.2.11.wso2v4.pom
2019-01-19 20:09:20,754 [Worker-2] INFO  o.e.m.c.i.e.AbstractTransferListenerAdapter - Downloaded http://maven.wso2.org/nexus/content/groups/wso2-public/org/wso2/carbon/carbon-kernel-dependents/4.1.0/carbon-kernel-dependents-4.1.0.pom
2019-01-19 20:09:21,982 [Worker-2] INFO  o.e.m.c.i.e.AbstractTransferListenerAdapter - Downloaded http://maven.wso2.org/nexus/content/groups/wso2-public/org/wso2/carbon/carbon-parent/4.1.0/carbon-parent-4.1.0.pom
2019-01-19 20:09:22,982 [Worker-2] INFO  o.e.m.c.i.e.AbstractTransferListenerAdapter - Downloaded http://maven.wso2.org/nexus/content/groups/wso2-public/org/wso2/maven/org.wso2.maven.utils/2.1.0/org.wso2.maven.utils-2.1.0.pom
2019-01-19 20:09:24,236 [Worker-2] INFO  o.e.m.c.i.e.AbstractTransferListenerAdapter - Downloaded http://maven.wso2.org/nexus/content/groups/wso2-public/org/wso2/maven/org.wso2.maven.core/2.1.0/org.wso2.maven.core-2.1.0.pom
2019-01-19 20:09:25,566 [Worker-2] INFO  o.e.m.c.i.e.AbstractTransferListenerAdapter - Downloaded http://maven.wso2.org/nexus/content/groups/wso2-public/org/wso2/maven/org.wso2.maven.esb/2.1.0/org.wso2.maven.esb-2.1.0.pom
2019-01-19 20:09:25,862 [Worker-2] INFO  o.e.m.c.i.e.AbstractTransferListenerAdapter - Downloading http://maven.wso2.org/nexus/content/groups/wso2-public/org/wso2/maven/wso2-esb-endpoint-plugin/2.1.0/wso2-esb-endpoint-plugin-2.1.0.jar
2019-01-19 20:09:26,795 [Worker-2] INFO  o.e.m.c.i.e.AbstractTransferListenerAdapter - Downloaded http://maven.wso2.org/nexus/content/groups/wso2-public/org/wso2/maven/wso2-esb-endpoint-plugin/2.1.0/wso2-esb-endpoint-plugin-2.1.0.jar
2019-01-19 20:09:28,427 [Worker-2] INFO  o.e.m.c.i.e.AbstractTransferListenerAdapter - Downloading http://maven.wso2.org/nexus/content/groups/wso2-public/org/codehaus/plexus/plexus-component-annotations/1.5.4/plexus-component-annotations-1.5.4.jar
2019-01-19 20:09:29,048 [Worker-2] INFO  o.e.m.c.i.e.AbstractTransferListenerAdapter - Downloaded http://maven.wso2.org/nexus/content/groups/wso2-public/org/codehaus/plexus/plexus-component-annotations/1.5.4/plexus-component-annotations-1.5.4.jar
2019-01-19 20:09:29,536 [Worker-2] INFO  o.e.m.c.i.e.AbstractTransferListenerAdapter - Downloading http://maven.wso2.org/nexus/content/groups/wso2-public/org/codehaus/plexus/plexus-utils/2.0.1/plexus-utils-2.0.1.jar
2019-01-19 20:09:30,740 [Worker-2] INFO  o.e.m.c.i.e.AbstractTransferListenerAdapter - Downloaded http://maven.wso2.org/nexus/content/groups/wso2-public/org/codehaus/plexus/plexus-utils/2.0.1/plexus-utils-2.0.1.jar
2019-01-19 20:09:30,974 [Worker-2] INFO  o.e.m.c.i.e.AbstractTransferListenerAdapter - Downloading http://maven.wso2.org/nexus/content/groups/wso2-public/org/wso2/maven/org.wso2.maven.capp/2.1.0/org.wso2.maven.capp-2.1.0.jar
2019-01-19 20:09:32,120 [Worker-2] INFO  o.e.m.c.i.e.AbstractTransferListenerAdapter - Downloaded http://maven.wso2.org/nexus/content/groups/wso2-public/org/wso2/maven/org.wso2.maven.capp/2.1.0/org.wso2.maven.capp-2.1.0.jar
2019-01-19 20:09:32,933 [Worker-2] INFO  o.e.m.c.i.e.AbstractTransferListenerAdapter - Downloading http://maven.wso2.org/nexus/content/groups/wso2-public/org/apache/ws/commons/axiom/wso2/axiom/1.2.11.wso2v4/axiom-1.2.11.wso2v4.jar
2019-01-19 20:09:37,036 [Worker-2] INFO  o.e.m.c.i.e.AbstractTransferListenerAdapter - Downloaded http://maven.wso2.org/nexus/content/groups/wso2-public/org/apache/ws/commons/axiom/wso2/axiom/1.2.11.wso2v4/axiom-1.2.11.wso2v4.jar
2019-01-19 20:09:37,295 [Worker-2] INFO  o.e.m.c.i.e.AbstractTransferListenerAdapter - Downloading http://maven.wso2.org/nexus/content/groups/wso2-public/org/wso2/maven/org.wso2.maven.utils/2.1.0/org.wso2.maven.utils-2.1.0.jar
2019-01-19 20:09:38,367 [Worker-2] INFO  o.e.m.c.i.e.AbstractTransferListenerAdapter - Downloaded http://maven.wso2.org/nexus/content/groups/wso2-public/org/wso2/maven/org.wso2.maven.utils/2.1.0/org.wso2.maven.utils-2.1.0.jar
2019-01-19 20:09:38,976 [Worker-2] INFO  o.e.m.c.i.e.AbstractTransferListenerAdapter - Downloading http://maven.wso2.org/nexus/content/groups/wso2-public/org/wso2/maven/org.wso2.maven.core/2.1.0/org.wso2.maven.core-2.1.0.jar
2019-01-19 20:09:39,902 [Worker-2] INFO  o.e.m.c.i.e.AbstractTransferListenerAdapter - Downloaded http://maven.wso2.org/nexus/content/groups/wso2-public/org/wso2/maven/org.wso2.maven.core/2.1.0/org.wso2.maven.core-2.1.0.jar
2019-01-19 20:09:40,203 [Worker-2] INFO  o.e.m.c.i.e.AbstractTransferListenerAdapter - Downloading http://maven.wso2.org/nexus/content/groups/wso2-public/org/wso2/maven/org.wso2.maven.esb/2.1.0/org.wso2.maven.esb-2.1.0.jar
2019-01-19 20:09:41,234 [Worker-2] INFO  o.e.m.c.i.e.AbstractTransferListenerAdapter - Downloaded http://maven.wso2.org/nexus/content/groups/wso2-public/org/wso2/maven/org.wso2.maven.esb/2.1.0/org.wso2.maven.esb-2.1.0.jar
2019-01-19 20:09:42,149 [Worker-2] INFO  o.e.m.c.i.e.AbstractTransferListenerAdapter - Downloaded http://maven.wso2.org/nexus/content/repositories/releases/net/sf/kxml/kxml2/2.2.2/kxml2-2.2.2.jar
2019-01-19 20:09:42,456 [Worker-2] INFO  o.e.m.c.i.e.AbstractTransferListenerAdapter - Downloaded http://maven.wso2.org/nexus/content/repositories/releases/org/apache/felix/org.apache.felix.bundlerepository/1.6.2/org.apache.felix.bundlerepository-1.6.2.jar
2019-01-19 20:09:42,755 [Worker-2] INFO  o.e.m.c.i.e.AbstractTransferListenerAdapter - Downloaded http://maven.wso2.org/nexus/content/repositories/releases/org/apache/felix/org.osgi.core/1.0.0/org.osgi.core-1.0.0.jar
2019-01-19 20:09:42,973 [Worker-2] INFO  o.e.m.c.i.e.AbstractTransferListenerAdapter - Downloaded http://maven.wso2.org/nexus/content/repositories/releases/org/apache/felix/org.osgi.service.obr/1.0.1/org.osgi.service.obr-1.0.1.jar
2019-01-19 20:09:43,180 [Worker-2] INFO  o.e.m.c.i.e.AbstractTransferListenerAdapter - Downloaded http://maven.wso2.org/nexus/content/repositories/releases/log4j/log4j/1.2.14/log4j-1.2.14.jar
2019-01-19 20:09:44,732 [Worker-2] INFO  o.e.m.c.i.e.AbstractTransferListenerAdapter - Downloaded http://maven.wso2.org/nexus/content/groups/wso2-public/org/wso2/maven/wso2-esb-api-plugin/2.1.0/wso2-esb-api-plugin-2.1.0.pom
2019-01-19 20:09:45,119 [Worker-2] INFO  o.e.m.c.i.e.AbstractTransferListenerAdapter - Downloading http://maven.wso2.org/nexus/content/groups/wso2-public/org/wso2/maven/wso2-esb-api-plugin/2.1.0/wso2-esb-api-plugin-2.1.0.jar
2019-01-19 20:09:45,793 [Worker-2] INFO  o.e.m.c.i.e.AbstractTransferListenerAdapter - Downloaded http://maven.wso2.org/nexus/content/groups/wso2-public/org/wso2/maven/wso2-esb-api-plugin/2.1.0/wso2-esb-api-plugin-2.1.0.jar
2019-01-19 20:21:33,189 [main] INFO  o.e.m2e.actions.ExecutePomAction - Creating new launch configuration
2019-01-19 20:21:48,622 [Worker-19] INFO  o.e.m.i.launch.MavenLaunchDelegate - /Users/dineshkadam/workspace-2/test1
2019-01-19 20:21:48,622 [Worker-19] INFO  o.e.m.i.launch.MavenLaunchDelegate -  mvn  -B clean
2019-01-19 20:22:10,220 [Worker-14] INFO  o.e.m.i.launch.MavenLaunchDelegate - /Users/dineshkadam/workspace-2/test1
2019-01-19 20:22:10,220 [Worker-14] INFO  o.e.m.i.launch.MavenLaunchDelegate -  mvn  -B install
2019-01-19 20:36:35,486 [Worker-26] INFO  o.e.m.c.i.e.AbstractTransferListenerAdapter - Downloaded http://maven.wso2.org/nexus/content/groups/wso2-public/org/wso2/maven/wso2-esb-proxy-plugin/2.1.0/wso2-esb-proxy-plugin-2.1.0.pom
2019-01-19 20:36:36,235 [Worker-26] INFO  o.e.m.c.i.e.AbstractTransferListenerAdapter - Downloading http://maven.wso2.org/nexus/content/groups/wso2-public/org/wso2/maven/wso2-esb-proxy-plugin/2.1.0/wso2-esb-proxy-plugin-2.1.0.jar
2019-01-19 20:36:37,511 [Worker-26] INFO  o.e.m.c.i.e.AbstractTransferListenerAdapter - Downloaded http://maven.wso2.org/nexus/content/groups/wso2-public/org/wso2/maven/wso2-esb-proxy-plugin/2.1.0/wso2-esb-proxy-plugin-2.1.0.jar
2019-01-19 20:41:49,751 [Worker-29] INFO  o.e.m.i.launch.MavenLaunchDelegate - /Users/dineshkadam/workspace-2/CappSample
2019-01-19 20:41:49,751 [Worker-29] INFO  o.e.m.i.launch.MavenLaunchDelegate -  mvn  -B install
2019-01-23 09:42:49,582 [Worker-3] INFO  o.e.m.c.i.l.LifecycleMappingFactory - Using NULL lifecycle mapping for MavenProject: com.hmrc.dk.esb:customeresb:1.0.0 @ /Users/dineshkadam/workspace-2/IntegratorAPI/pom.xml.
2019-01-23 09:42:49,689 [Worker-3] INFO  o.e.m.c.i.p.ProjectConfigurationManager - Imported and configured 1 project(s) in 0 sec
2019-01-23 09:42:50,738 [Worker-0] INFO  o.e.m.c.i.l.LifecycleMappingFactory - Using NULL lifecycle mapping for MavenProject: com.hmrc.dk.esb:customeresb:1.0.0 @ /Users/dineshkadam/workspace-2/IntegratorAPI/pom.xml.
2019-01-23 09:43:33,778 [Worker-2] INFO  o.e.m.c.i.l.LifecycleMappingFactory - Using DEFAULT lifecycle mapping for MavenProject: com.hmrc.dk.capp:Capp:1.0.0 @ /Users/dineshkadam/workspace-2/IntegratorProxy/pom.xml.
2019-01-23 09:43:33,880 [Worker-2] INFO  o.e.m.j.i.AbstractJavaProjectConfigurator - Adding source folder /IntegratorProxy/src/main/java
2019-01-23 09:43:33,881 [Worker-2] INFO  o.e.m.j.i.AbstractJavaProjectConfigurator - Adding source folder /IntegratorProxy/src/test/java
2019-01-23 09:43:33,964 [Worker-2] INFO  o.e.m.c.i.p.ProjectConfigurationManager - Imported and configured 1 project(s) in 0 sec
2019-01-23 09:43:34,407 [Worker-0] INFO  o.e.m.c.i.l.LifecycleMappingFactory - Using DEFAULT lifecycle mapping for MavenProject: com.hmrc.dk.capp:Capp:1.0.0 @ /Users/dineshkadam/workspace-2/IntegratorProxy/pom.xml.
2019-01-23 09:43:34,466 [Worker-0] WARN  o.e.m.c.i.embedder.EclipseLogger - Using platform encoding (UTF-8 actually) to copy filtered resources, i.e. build is platform dependent!
2019-01-23 09:43:34,467 [Worker-0] INFO  o.e.m.c.i.embedder.EclipseLogger - skip non existing resourceDirectory /Users/dineshkadam/workspace-2/IntegratorProxy/src/main/resources
2019-01-23 09:43:34,469 [Worker-0] WARN  o.e.m.c.i.embedder.EclipseLogger - Using platform encoding (UTF-8 actually) to copy filtered resources, i.e. build is platform dependent!
2019-01-23 09:43:34,469 [Worker-0] INFO  o.e.m.c.i.embedder.EclipseLogger - skip non existing resourceDirectory /Users/dineshkadam/workspace-2/IntegratorProxy/src/test/resources
2019-01-23 09:43:35,038 [Worker-5] INFO  o.e.m.c.i.l.LifecycleMappingFactory - Using DEFAULT lifecycle mapping for MavenProject: com.hmrc.dk.capp:Capp:1.0.0 @ /Users/dineshkadam/workspace-2/IntegratorProxy/pom.xml.
2019-01-23 09:43:35,592 [Worker-2] WARN  o.e.m.c.i.embedder.EclipseLogger - Using platform encoding (UTF-8 actually) to copy filtered resources, i.e. build is platform dependent!
2019-01-23 09:43:35,593 [Worker-2] INFO  o.e.m.c.i.embedder.EclipseLogger - skip non existing resourceDirectory /Users/dineshkadam/workspace-2/IntegratorProxy/src/main/resources
2019-01-23 09:43:35,595 [Worker-2] WARN  o.e.m.c.i.embedder.EclipseLogger - Using platform encoding (UTF-8 actually) to copy filtered resources, i.e. build is platform dependent!
2019-01-23 09:43:35,599 [Worker-2] INFO  o.e.m.c.i.embedder.EclipseLogger - skip non existing resourceDirectory /Users/dineshkadam/workspace-2/IntegratorProxy/src/test/resources
